Removed Pin From Net: NetName=IO3 Pin=J4-2
Removed Pin From Net: NetName=RST/EN Pin=R1-1
Removed Pin From Net: NetName=3V3 Pin=R1-2
Change Component Designator: OldDesignator=U1 NewDesignator=J5
Added Component: Designator=C5(CAP 0603_1608)
Add component (AddParameter): Name = "Applications"; Value = "General Purpose"; VariantName = "[No Variations]"
Add component (AddParameter): Name = "Capacitance"; Value = "0.1 µF"; VariantName = "[No Variations]"
Add component (AddParameter): Name = "componentlink1description"; Value = "Datasheet"; VariantName = "[No Variations]"
Add component (AddParameter): Name = "componentlink1url"; Value = "https://www.vishay.com/docs/28548/vjw1bcbascomseries.pdf"; VariantName = "[No Variations]"
Add component (AddParameter): Name = "componentlink2description"; Value = "DigiKey Link"; VariantName = "[No Variations]"
Add component (AddParameter): Name = "componentlink2url"; Value = "https://www.digikey.com/en/products/detail/vishay-vitramon/VJ0603Y104MXQCW1BC/8305323"; VariantName = "[No Variations]"
Add component (AddParameter): Name = "Device Package"; Value = "0603 (1608 Metric)"; VariantName = "[No Variations]"
Add component (AddParameter): Name = "lastupdated"; Value = "3/06/2023 7:11:16 PM"; VariantName = "[No Variations]"
Add component (AddParameter): Name = "Lifecycle Status"; Value = "Active"; VariantName = "[No Variations]"
Add component (AddParameter): Name = "manufacturer"; Value = "Vishay Vitramon"; VariantName = "[No Variations]"
Add component (AddParameter): Name = "Minimum Order"; Value = "1"; VariantName = "[No Variations]"
Add component (AddParameter): Name = "Mounting Type"; Value = "Surface Mount, MLCC"; VariantName = "[No Variations]"
Add component (AddParameter): Name = "Operating Temperature"; Value = "-55°C ~ 125°C"; VariantName = "[No Variations]"
Add component (AddParameter): Name = "Package / Case"; Value = "0603 (1608 Metric)"; VariantName = "[No Variations]"
Add component (AddParameter): Name = "packaging"; Value = "TapeAndReel"; VariantName = "[No Variations]"
Add component (AddParameter): Name = "Part Number"; Value = "VJ0603Y104MXQCW1BC"; VariantName = "[No Variations]"
Add component (AddParameter): Name = "Part Status"; Value = "Active"; VariantName = "[No Variations]"
Add component (AddParameter): Name = "partid"; Value = "34594"; VariantName = "[No Variations]"
Add component (AddParameter): Name = "price"; Value = "0.01"; VariantName = "[No Variations]"
Add component (AddParameter): Name = "series"; Value = "VJ W1BC"; VariantName = "[No Variations]"
Add component (AddParameter): Name = "Size / Dimension"; Value = "0.063" L x 0.031" W (1.60mm x 0.80mm)"; VariantName = "[No Variations]"
Add component (AddParameter): Name = "Supplier 1"; Value = "DigiKey"; VariantName = "[No Variations]"
Add component (AddParameter): Name = "Supplier Part Number 1"; Value = "720-VJ0603Y104MXQCW1BCCT-ND"; VariantName = "[No Variations]"
Add component (AddParameter): Name = "Temperature Coefficient"; Value = "X7R"; VariantName = "[No Variations]"
Add component (AddParameter): Name = "Thickness (Max)"; Value = "0.034" (0.87mm)"; VariantName = "[No Variations]"
Add component (AddParameter): Name = "Tolerance"; Value = "±20%"; VariantName = "[No Variations]"
Add component (AddParameter): Name = "Value"; Value = "0.1 µF"; VariantName = "[No Variations]"
Add component (AddParameter): Name = "Voltage - Rated"; Value = "10V"; VariantName = "[No Variations]"
Added Component: Designator=J8(HDR-TH_4P-P2.54-V-M)
Added Component: Designator=R7(RES 0603_1608)
Add component (AddParameter): Name = "ComponentLink1Description"; Value = "Datasheet"; VariantName = "[No Variations]"
Add component (AddParameter): Name = "ComponentLink1URL"; Value = "https://www.passivecomponent.com/wp-content/uploads/chipR/ASC_WR.pdf"; VariantName = "[No Variations]"
Add component (AddParameter): Name = "ComponentLink2Description"; Value = "DigiKey Link"; VariantName = "[No Variations]"
Add component (AddParameter): Name = "ComponentLink2URL"; Value = "https://www.digikey.com/en/products/detail/walsin-technology-corporation/WR06X4701FTL/13240840"; VariantName = "[No Variations]"
Add component (AddParameter): Name = "Composition"; Value = "Thick Film"; VariantName = "[No Variations]"
Add component (AddParameter): Name = "Device Package"; Value = "0603 (1608 Metric)"; VariantName = "[No Variations]"
Add component (AddParameter): Name = "Height - Seated (Max)"; Value = "0.024" (0.60mm)"; VariantName = "[No Variations]"
Add component (AddParameter): Name = "LastUpdated"; Value = "31/08/2023 7:31:34 PM"; VariantName = "[No Variations]"
Add component (AddParameter): Name = "Lifecycle Status"; Value = "Active"; VariantName = "[No Variations]"
Add component (AddParameter): Name = "Manufacturer"; Value = "Walsin Technology Corporation"; VariantName = "[No Variations]"
Add component (AddParameter): Name = "Minimum Order"; Value = "1"; VariantName = "[No Variations]"
Add component (AddParameter): Name = "Number of Terminations"; Value = "2"; VariantName = "[No Variations]"
Add component (AddParameter): Name = "Operating Temperature"; Value = "-55°C ~ 155°C"; VariantName = "[No Variations]"
Add component (AddParameter): Name = "Package / Case"; Value = "0603 (1608 Metric)"; VariantName = "[No Variations]"
Add component (AddParameter): Name = "Packaging"; Value = "CutTape"; VariantName = "[No Variations]"
Add component (AddParameter): Name = "Part Number"; Value = "WR06X4701FTL"; VariantName = "[No Variations]"
Add component (AddParameter): Name = "Part Status"; Value = "Active"; VariantName = "[No Variations]"
Add component (AddParameter): Name = "PartId"; Value = "67913"; VariantName = "[No Variations]"
Add component (AddParameter): Name = "Power (Watts)"; Value = "0.1W, 1/10W"; VariantName = "[No Variations]"
Add component (AddParameter): Name = "Price"; Value = "0.01"; VariantName = "[No Variations]"
Add component (AddParameter): Name = "Resistance"; Value = "4.7 kOhms"; VariantName = "[No Variations]"
Add component (AddParameter): Name = "Series"; Value = "WR"; VariantName = "[No Variations]"
Add component (AddParameter): Name = "Size / Dimension"; Value = "0.063" L x 0.031" W (1.60mm x 0.80mm)"; VariantName = "[No Variations]"
Add component (AddParameter): Name = "Supplier 1"; Value = "DigiKey"; VariantName = "[No Variations]"
Add component (AddParameter): Name = "Supplier Device Package"; Value = "0603"; VariantName = "[No Variations]"
Add component (AddParameter): Name = "Supplier Part Number 1"; Value = "1292-WR06X4701FTLCT-ND"; VariantName = "[No Variations]"
Add component (AddParameter): Name = "Temperature Coefficient"; Value = "±100ppm/°C"; VariantName = "[No Variations]"
Add component (AddParameter): Name = "Tolerance"; Value = "±1%"; VariantName = "[No Variations]"
Add component (AddParameter): Name = "Value"; Value = "4.7 kOhms"; VariantName = "[No Variations]"
Added Pin To Net: NetName=GND Pin=C5-1
Added Pin To Net: NetName=RST/EN Pin=C5-2
Added Pin To Net: NetName=IO7 Pin=J4-2
Added Pin To Net: NetName=IO6 Pin=J4-3
Add Pin To Net: Unknown Pin: Pin J6-1
Add Pin To Net: Unknown Pin: Pin J6-2
Add Pin To Net: Unknown Pin: Pin J6-3
Add Pin To Net: Unknown Pin: Pin J6-4
Add Pin To Net: Unknown Pin: Pin J6-5
Add Pin To Net: Unknown Pin: Pin J6-6
Add Pin To Net: Unknown Pin: Pin J6-7
Add Pin To Net: Unknown Pin: Pin J6-8
Add Pin To Net: Unknown Pin: Pin J7-1
Add Pin To Net: Unknown Pin: Pin J7-2
Add Pin To Net: Unknown Pin: Pin J7-3
Add Pin To Net: Unknown Pin: Pin J7-4
Add Pin To Net: Unknown Pin: Pin J7-5
Add Pin To Net: Unknown Pin: Pin J7-6
Add Pin To Net: Unknown Pin: Pin J7-8
Added Pin To Net: NetName=3V3 Pin=J8-1
Added Pin To Net: NetName=SCL Pin=J8-2
Added Pin To Net: NetName=SDA Pin=J8-3
Added Pin To Net: NetName=GND Pin=J8-4
Added Pin To Net: NetName=3V3 Pin=R1-1
Added Pin To Net: NetName=RST/EN Pin=R1-2
Added Pin To Net: NetName=3V3 Pin=R7-1
Added Pin To Net: NetName=IO6 Pin=R7-2
Added Net: Name=VBAT
Added Member To Class: ClassName=ultrasonic_tank_monitor Member=Component C5 0.1 µF
Added Member To Class: ClassName=ultrasonic_tank_monitor Member=Component J5 TYPE-C 16PLC-H10.0
Add Class Member: Failed to add class member : Component J6 HDR-TH_8P-P2.54
Add Class Member: Failed to add class member : Component J7 HDR-TH_8P-P2.54
Added Member To Class: ClassName=ultrasonic_tank_monitor Member=Component J8 HDR-TH_4P-P2.54
Added Member To Class: ClassName=ultrasonic_tank_monitor Member=Component R7 4.7 kOhms
Added Room: Name=ultrasonic_tank_monitor
